<?xml version="1.0" encoding="UTF-8"?>
<testsuite name="com.astute.myweb.controller.rest.TranslationsRestControllerTest" time="0" tests="5" errors="5" skipped="0" failures="0">
  <properties>
[...]
</properties>
  <testcase name="testUpdateTranslation" classname="com.astute.myweb.controller.rest.TranslationsRestControllerTest" time="0">
    <error message="404 null" type="org.springframework.web.client.HttpClientErrorException">org.springframework.web.client.HttpClientErrorException: 404 null
	at org.springframework.web.client.DefaultResponseErrorHandler.handleError(DefaultResponseErrorHandler.java:63)
	at org.springframework.web.client.RestTemplate.handleResponse(RestTemplate.java:700)
	at org.springframework.web.client.RestTemplate.doExecute(RestTemplate.java:653)
	at org.springframework.web.client.RestTemplate.execute(RestTemplate.java:621)
	at org.springframework.web.client.RestTemplate.put(RestTemplate.java:438)
	at com.astute.myweb.controller.rest.TranslationsRestControllerTest.testUpdateTranslation(TranslationsRestControllerTest.java:103)
</error>
    <system-out><![CDATA[2017-09-05 00:01:19.551 DEBUG 10440 --- [           main] o.s.web.client.RestTemplate              : Created PUT request for "http://localhost:8080/translations/111?key=login.user&value=USER%20NAME"
2017-09-05 00:01:19.582 DEBUG 10440 --- [           main] o.s.web.client.RestTemplate              : PUT request for "http://localhost:8080/translations/111?key=login.user&value=USER%20NAME" resulted in 404 (null); invoking error handler
]]></system-out>
  </testcase>
  <testcase name="testGetTranslations" classname="com.astute.myweb.controller.rest.TranslationsRestControllerTest" time="0">
    <error message="Not enough variable values available to expand &apos;id&apos;" type="java.lang.IllegalArgumentException">java.lang.IllegalArgumentException: Not enough variable values available to expand 'id'
	at org.springframework.web.util.UriComponents$VarArgsTemplateVariables.getValue(UriComponents.java:329)
	at org.springframework.web.util.HierarchicalUriComponents$QueryUriTemplateVariables.getValue(HierarchicalUriComponents.java:899)
	at org.springframework.web.util.UriComponents.expandUriComponent(UriComponents.java:232)
	at org.springframework.web.util.HierarchicalUriComponents.expandQueryParams(HierarchicalUriComponents.java:347)
	at org.springframework.web.util.HierarchicalUriComponents.expandInternal(HierarchicalUriComponents.java:332)
	at org.springframework.web.util.HierarchicalUriComponents.expandInternal(HierarchicalUriComponents.java:48)
	at org.springframework.web.util.UriComponents.expand(UriComponents.java:165)
	at org.springframework.web.util.UriComponentsBuilder.buildAndExpand(UriComponentsBuilder.java:360)
	at org.springframework.web.util.DefaultUriTemplateHandler.expandAndEncode(DefaultUriTemplateHandler.java:140)
	at org.springframework.web.util.DefaultUriTemplateHandler.expandInternal(DefaultUriTemplateHandler.java:104)
	at org.springframework.web.util.AbstractUriTemplateHandler.expand(AbstractUriTemplateHandler.java:106)
	at org.springframework.web.client.RestTemplate.execute(RestTemplate.java:612)
	at org.springframework.web.client.RestTemplate.postForObject(RestTemplate.java:380)
	at com.astute.myweb.controller.rest.TranslationsRestControllerTest.testGetTranslations(TranslationsRestControllerTest.java:65)
</error>
  </testcase>
  <testcase name="testDeleteTranslation" classname="com.astute.myweb.controller.rest.TranslationsRestControllerTest" time="0">
    <error message="404 null" type="org.springframework.web.client.HttpClientErrorException">org.springframework.web.client.HttpClientErrorException: 404 null
	at org.springframework.web.client.DefaultResponseErrorHandler.handleError(DefaultResponseErrorHandler.java:63)
	at org.springframework.web.client.RestTemplate.handleResponse(RestTemplate.java:700)
	at org.springframework.web.client.RestTemplate.doExecute(RestTemplate.java:653)
	at org.springframework.web.client.RestTemplate.execute(RestTemplate.java:621)
	at org.springframework.web.client.RestTemplate.delete(RestTemplate.java:490)
	at com.astute.myweb.controller.rest.TranslationsRestControllerTest.testDeleteTranslation(TranslationsRestControllerTest.java:117)
</error>
    <system-out><![CDATA[2017-09-05 00:01:19.628 DEBUG 10440 --- [           main] o.s.web.client.RestTemplate              : Created DELETE request for "http://localhost:8080/translations/111"
2017-09-05 00:01:19.633 DEBUG 10440 --- [           main] o.s.web.client.RestTemplate              : DELETE request for "http://localhost:8080/translations/111" resulted in 404 (null); invoking error handler
]]></system-out>
  </testcase>
  <testcase name="testGetTranslation" classname="com.astute.myweb.controller.rest.TranslationsRestControllerTest" time="0">
    <error message="400 null" type="org.springframework.web.client.HttpClientErrorException">org.springframework.web.client.HttpClientErrorException: 400 null
	at org.springframework.web.client.DefaultResponseErrorHandler.handleError(DefaultResponseErrorHandler.java:63)
	at org.springframework.web.client.RestTemplate.handleResponse(RestTemplate.java:700)
	at org.springframework.web.client.RestTemplate.doExecute(RestTemplate.java:653)
	at org.springframework.web.client.RestTemplate.execute(RestTemplate.java:621)
	at org.springframework.web.client.RestTemplate.postForObject(RestTemplate.java:390)
	at com.astute.myweb.controller.rest.TranslationsRestControllerTest.testGetTranslation(TranslationsRestControllerTest.java:51)
</error>
    <system-out><![CDATA[2017-09-05 00:01:19.656 DEBUG 10440 --- [           main] o.s.web.client.RestTemplate              : Created POST request for "http://localhost:8080/translations?id=111"
2017-09-05 00:01:19.777 DEBUG 10440 --- [           main] o.s.web.client.RestTemplate              : Setting request Accept header to [application/json, application/*+json]
2017-09-05 00:01:19.789 DEBUG 10440 --- [           main] o.s.web.client.RestTemplate              : POST request for "http://localhost:8080/translations?id=111" resulted in 400 (null); invoking error handler
]]></system-out>
  </testcase>
  <testcase name="testAddTranslation" classname="com.astute.myweb.controller.rest.TranslationsRestControllerTest" time="0">
    <error message="400 null" type="org.springframework.web.client.HttpClientErrorException">org.springframework.web.client.HttpClientErrorException: 400 null
	at org.springframework.web.client.DefaultResponseErrorHandler.handleError(DefaultResponseErrorHandler.java:63)
	at org.springframework.web.client.RestTemplate.handleResponse(RestTemplate.java:700)
	at org.springframework.web.client.RestTemplate.doExecute(RestTemplate.java:653)
	at org.springframework.web.client.RestTemplate.execute(RestTemplate.java:621)
	at org.springframework.web.client.RestTemplate.postForObject(RestTemplate.java:390)
	at com.astute.myweb.controller.rest.TranslationsRestControllerTest.testAddTranslation(TranslationsRestControllerTest.java:82)
</error>
    <system-out><![CDATA[2017-09-05 00:01:19.799 DEBUG 10440 --- [           main] o.s.web.client.RestTemplate              : Created POST request for "http://localhost:8080/translations?id=111"
2017-09-05 00:01:19.803 DEBUG 10440 --- [           main] o.s.web.client.RestTemplate              : Setting request Accept header to [application/json, application/*+json]
2017-09-05 00:01:19.810 DEBUG 10440 --- [           main] o.s.web.client.RestTemplate              : POST request for "http://localhost:8080/translations?id=111" resulted in 400 (null); invoking error handler
]]></system-out>
  </testcase>
</testsuite>