<?xml version="1.0" encoding="UTF-8"?>
<testsuite name="com.astute.myweb.data.TranslationDataTest" time="0.001" tests="6" errors="0" skipped="0" failures="1">
  <properties>
[...]
</properties>
  <testcase name="convertMapToKeyValuesTest" classname="com.astute.myweb.data.TranslationDataTest" time="0"/>
  <testcase name="testUpdateTranslationStringMapOfObjectObject" classname="com.astute.myweb.data.TranslationDataTest" time="0"/>
  <testcase name="testGetTranslations" classname="com.astute.myweb.data.TranslationDataTest" time="0"/>
  <testcase name="testDeleteTranslation" classname="com.astute.myweb.data.TranslationDataTest" time="0"/>
  <testcase name="testGetTranslation" classname="com.astute.myweb.data.TranslationDataTest" time="0">
    <failure message="Success" type="java.lang.AssertionError">java.lang.AssertionError: Success
	at org.junit.Assert.fail(Assert.java:88)
	at org.junit.Assert.assertTrue(Assert.java:41)
	at com.astute.myweb.data.TranslationDataTest.testGetTranslation(TranslationDataTest.java:35)
</failure>
  </testcase>
  <testcase name="testAddTranslation" classname="com.astute.myweb.data.TranslationDataTest" time="0.001"/>
</testsuite>